#
# There is insufficient memory for the Java Runtime Environment to continue.
# Native memory allocation (mmap) failed to map 384827392 bytes for committing reserved memory.
# Possible reasons:
#   The system is out of physical RAM or swap space
#   In 32 bit mode, the process size limit was hit
# Possible solutions:
#   Reduce memory load on the system
#   Increase physical memory or swap space
#   Check if swap backing store is full
#   Use 64 bit Java on a 64 bit OS
#   Decrease Java heap size (-Xmx/-Xms)
#   Decrease number of Java threads
#   Decrease Java thread stack sizes (-Xss)
#   Set larger code cache with -XX:ReservedCodeCacheSize=
# This output file may be truncated or incomplete.
#
#  Out of Memory Error (os_linux.cpp:2643), pid=23944, tid=0x00007f27fda92700
#
# JRE version: OpenJDK Runtime Environment (8.0_131-b11) (build 1.8.0_131-8u131-b11-2ubuntu1.16.04.3-b11)
# Java VM: OpenJDK 64-Bit Server VM (25.131-b11 mixed mode linux-amd64 compressed oops)
# Failed to write core dump. Core dumps have been disabled. To enable core dumping, try "ulimit -c unlimited" before starting Java again
#

---------------  T H R E A D  ---------------

Current thread (0x00007f2834081800):  VMThread [stack: 0x00007f27fd992000,0x00007f27fda93000] [id=23967]

Stack: [0x00007f27fd992000,0x00007f27fda93000],  sp=0x00007f27fda91480,  free space=1021k
Native frames: (J=compiled Java code, j=interpreted, Vv=VM code, C=native code)
V  [libjvm.so+0xa6a1bb]
V  [libjvm.so+0x4c5a6c]
V  [libjvm.so+0x8b85a0]
V  [libjvm.so+0x8b2a1e]
V  [libjvm.so+0x92d556]
V  [libjvm.so+0x91cbba]
V  [libjvm.so+0x91cdc3]
V  [libjvm.so+0x91d728]
V  [libjvm.so+0x9239ee]
V  [libjvm.so+0x92b3bd]
V  [libjvm.so+0x8dd093]
V  [libjvm.so+0xa6be72]
V  [libjvm.so+0xa70f57]
V  [libjvm.so+0xa6e727]
V  [libjvm.so+0xa6fbaf]
V  [libjvm.so+0xa700a1]
V  [libjvm.so+0x8b5a82]

VM_Operation (0x00007f283c9395c0): ParallelGCFailedAllocation, mode: safepoint, requested by thread 0x00007f283400c000


---------------  P R O C E S S  ---------------

Java Threads: ( => current thread )
  0x00007f28340cd800 JavaThread "Service Thread" daemon [_thread_blocked, id=23987, stack(0x00007f27fcd34000,0x00007f27fce35000)]
  0x00007f28340c0800 JavaThread "C1 CompilerThread3" daemon [_thread_blocked, id=23986, stack(0x00007f27fce35000,0x00007f27fcf36000)]
  0x00007f28340bc000 JavaThread "C2 CompilerThread2" daemon [_thread_blocked, id=23985, stack(0x00007f27fcf36000,0x00007f27fd037000)]
  0x00007f28340ba000 JavaThread "C2 CompilerThread1" daemon [_thread_blocked, id=23984, stack(0x00007f27fd037000,0x00007f27fd138000)]
  0x00007f28340b7800 JavaThread "C2 CompilerThread0" daemon [_thread_blocked, id=23983, stack(0x00007f27fd138000,0x00007f27fd239000)]
  0x00007f28340b5800 JavaThread "Signal Dispatcher" daemon [_thread_blocked, id=23982, stack(0x00007f27fd239000,0x00007f27fd33a000)]
  0x00007f283408e000 JavaThread "Finalizer" daemon [_thread_blocked, id=23980, stack(0x00007f27fd790000,0x00007f27fd891000)]
  0x00007f2834089800 JavaThread "Reference Handler" daemon [_thread_blocked, id=23978, stack(0x00007f27fd891000,0x00007f27fd992000)]
  0x00007f283400c000 JavaThread "main" [_thread_blocked, id=23956, stack(0x00007f283c83b000,0x00007f283c93c000)]

Other Threads:
=>0x00007f2834081800 VMThread [stack: 0x00007f27fd992000,0x00007f27fda93000] [id=23967]
  0x00007f28340d0000 WatcherThread [stack: 0x00007f27fcc33000,0x00007f27fcd34000] [id=23988]

VM state:at safepoint (normal execution)

VM Mutex/Monitor currently owned by a thread:  ([mutex/lock_event])
[0x00007f2834007e80] ExpandHeap_lock - owner thread: 0x00007f2834081800
[0x00007f2834008500] Threads_lock - owner thread: 0x00007f2834081800
[0x00007f2834008a00] Heap_lock - owner thread: 0x00007f283400c000

Heap:
 PSYoungGen      total 553984K, used 61942K [0x000000076ab00000, 0x00000007a9100000, 0x00000007c0000000)
  eden space 126976K, 0% used [0x000000076ab00000,0x000000076ab00000,0x0000000772700000)
  from space 427008K, 14% used [0x000000078f000000,0x0000000792c7d878,0x00000007a9100000)
  to   space 447488K, 0% used [0x0000000772700000,0x0000000772700000,0x000000078dc00000)
 ParOldGen       total 1307136K, used 1306740K [0x00000006c0000000, 0x000000070fc80000, 0x000000076ab00000)
  object space 1307136K, 99% used [0x00000006c0000000,0x000000070fc1d098,0x000000070fc80000)
 Metaspace       used 18158K, capacity 18572K, committed 18688K, reserved 1064960K
  class space    used 2391K, capacity 2508K, committed 2560K, reserved 1048576K

Card table byte_map: [0x00007f28386ec000,0x00007f2838eed000] byte_map_base: 0x00007f28350ec000

Marking Bits: (ParMarkBitMap*) 0x00007f283bb0b2c0
 Begin Bits: [0x00007f2800000000, 0x00007f2804000000)
 End Bits:   [0x00007f2804000000, 0x00007f2808000000)

Polling page: 0x00007f283c95e000

CodeCache: size=245760Kb used=7168Kb max_used=7180Kb free=238591Kb
 bounds [0x00007f2825000000, 0x00007f2825710000, 0x00007f2834000000]
 total_blobs=2337 nmethods=1962 adapters=289
 compilation: enabled

Compilation events (10 events):
Event: 12.432 Thread 0x00007f28340c0800 1960       3       java.util.zip.InflaterInputStream::available (15 bytes)
Event: 12.433 Thread 0x00007f28340c0800 nmethod 1960 0x00007f28256f4390 code [0x00007f28256f4520, 0x00007f28256f4828]
Event: 12.439 Thread 0x00007f28340bc000 nmethod 1957 0x00007f2825702a90 code [0x00007f2825702de0, 0x00007f2825704d80]
Event: 12.444 Thread 0x00007f28340ba000 nmethod 1949 0x00007f2825707190 code [0x00007f28257076c0, 0x00007f282570a1d0]
Event: 14.071 Thread 0x00007f28340b7800 1961       4       java.io.BufferedInputStream::fill (233 bytes)
Event: 14.073 Thread 0x00007f28340b7800 nmethod 1961 0x00007f28256fa810 code [0x00007f28256fa9a0, 0x00007f28256fab58]
Event: 14.596 Thread 0x00007f28340bc000 1962       4       java.util.zip.InflaterInputStream::available (15 bytes)
Event: 14.596 Thread 0x00007f28340bc000 nmethod 1962 0x00007f28256ef250 code [0x00007f28256ef3a0, 0x00007f28256ef438]
Event: 14.676 Thread 0x00007f28340ba000 1963       4       java.util.zip.InflaterInputStream::fill (60 bytes)
Event: 14.679 Thread 0x00007f28340ba000 nmethod 1963 0x00007f28256f9dd0 code [0x00007f28256f9f80, 0x00007f28256fa428]

GC Heap History (10 events):
Event: 20.541 GC heap after
Heap after GC invocations=26 (full 5):
 PSYoungGen      total 478720K, used 329824K [0x000000076ab00000, 0x00000007a3f80000, 0x00000007c0000000)
  eden space 143872K, 0% used [0x000000076ab00000,0x000000076ab00000,0x0000000773780000)
  from space 334848K, 98% used [0x0000000773780000,0x0000000787998030,0x0000000787e80000)
  to   space 384000K, 0% used [0x000000078c880000,0x000000078c880000,0x00000007a3f80000)
 ParOldGen       total 909824K, used 762333K [0x00000006c0000000, 0x00000006f7880000, 0x000000076ab00000)
  object space 909824K, 83% used [0x00000006c0000000,0x00000006ee8775f0,0x00000006f7880000)
 Metaspace       used 18158K, capacity 18572K, committed 18688K, reserved 1064960K
  class space    used 2391K, capacity 2508K, committed 2560K, reserved 1048576K
}
Event: 21.375 GC heap before
{Heap before GC invocations=27 (full 5):
 PSYoungGen      total 478720K, used 473696K [0x000000076ab00000, 0x00000007a3f80000, 0x00000007c0000000)
  eden space 143872K, 100% used [0x000000076ab00000,0x0000000773780000,0x0000000773780000)
  from space 334848K, 98% used [0x0000000773780000,0x0000000787998030,0x0000000787e80000)
  to   space 384000K, 0% used [0x000000078c880000,0x000000078c880000,0x00000007a3f80000)
 ParOldGen       total 909824K, used 762333K [0x00000006c0000000, 0x00000006f7880000, 0x000000076ab00000)
  object space 909824K, 83% used [0x00000006c0000000,0x00000006ee8775f0,0x00000006f7880000)
 Metaspace       used 18158K, capacity 18572K, committed 18688K, reserved 1064960K
  class space    used 2391K, capacity 2508K, committed 2560K, reserved 1048576K
Event: 21.719 GC heap after
Heap after GC invocations=27 (full 5):
 PSYoungGen      total 488448K, used 383968K [0x000000076ab00000, 0x00000007ac100000, 0x00000007c0000000)
  eden space 104448K, 0% used [0x000000076ab00000,0x000000076ab00000,0x0000000771100000)
  from space 384000K, 99% used [0x000000078c880000,0x00000007a3f78030,0x00000007a3f80000)
  to   space 450048K, 0% used [0x0000000771100000,0x0000000771100000,0x000000078c880000)
 ParOldGen       total 909824K, used 779549K [0x00000006c0000000, 0x00000006f7880000, 0x000000076ab00000)
  object space 909824K, 85% used [0x00000006c0000000,0x00000006ef9475f0,0x00000006f7880000)
 Metaspace       used 18158K, capacity 18572K, committed 18688K, reserved 1064960K
  class space    used 2391K, capacity 2508K, committed 2560K, reserved 1048576K
}
Event: 22.018 GC heap before
{Heap before GC invocations=28 (full 5):
 PSYoungGen      total 488448K, used 488416K [0x000000076ab00000, 0x00000007ac100000, 0x00000007c0000000)
  eden space 104448K, 100% used [0x000000076ab00000,0x0000000771100000,0x0000000771100000)
  from space 384000K, 99% used [0x000000078c880000,0x00000007a3f78030,0x00000007a3f80000)
  to   space 450048K, 0% used [0x0000000771100000,0x0000000771100000,0x000000078c880000)
 ParOldGen       total 909824K, used 779549K [0x00000006c0000000, 0x00000006f7880000, 0x000000076ab00000)
  object space 909824K, 85% used [0x00000006c0000000,0x00000006ef9475f0,0x00000006f7880000)
 Metaspace       used 18158K, capacity 18572K, committed 18688K, reserved 1064960K
  class space    used 2391K, capacity 2508K, committed 2560K, reserved 1048576K
Event: 28.414 GC heap after
Heap after GC invocations=28 (full 5):
 PSYoungGen      total 554496K, used 312704K [0x000000076ab00000, 0x00000007ab700000, 0x00000007c0000000)
  eden space 104448K, 0% used [0x000000076ab00000,0x000000076ab00000,0x0000000771100000)
  from space 450048K, 69% used [0x0000000771100000,0x0000000784260020,0x000000078c880000)
  to   space 465920K, 0% used [0x000000078f000000,0x000000078f000000,0x00000007ab700000)
 ParOldGen       total 909824K, used 903261K [0x00000006c0000000, 0x00000006f7880000, 0x000000076ab00000)
  object space 909824K, 99% used [0x00000006c0000000,0x00000006f7217600,0x00000006f7880000)
 Metaspace       used 18158K, capacity 18572K, committed 18688K, reserved 1064960K
  class space    used 2391K, capacity 2508K, committed 2560K, reserved 1048576K
}
Event: 28.425 GC heap before
{Heap before GC invocations=29 (full 6):
 PSYoungGen      total 554496K, used 312704K [0x000000076ab00000, 0x00000007ab700000, 0x00000007c0000000)
  eden space 104448K, 0% used [0x000000076ab00000,0x000000076ab00000,0x0000000771100000)
  from space 450048K, 69% used [0x0000000771100000,0x0000000784260020,0x000000078c880000)
  to   space 465920K, 0% used [0x000000078f000000,0x000000078f000000,0x00000007ab700000)
 ParOldGen       total 909824K, used 903261K [0x00000006c0000000, 0x00000006f7880000, 0x000000076ab00000)
  object space 909824K, 99% used [0x00000006c0000000,0x00000006f7217600,0x00000006f7880000)
 Metaspace       used 18158K, capacity 18572K, committed 18688K, reserved 1064960K
  class space    used 2391K, capacity 2508K, committed 2560K, reserved 1048576K
Event: 31.661 GC heap after
Heap after GC invocations=29 (full 6):
 PSYoungGen      total 554496K, used 267268K [0x000000076ab00000, 0x00000007ab700000, 0x00000007c0000000)
  eden space 104448K, 0% used [0x000000076ab00000,0x000000076ab00000,0x0000000771100000)
  from space 450048K, 59% used [0x0000000771100000,0x00000007816013a0,0x000000078c880000)
  to   space 465920K, 0% used [0x000000078f000000,0x000000078f000000,0x00000007ab700000)
 ParOldGen       total 1216512K, used 896519K [0x00000006c0000000, 0x000000070a400000, 0x000000076ab00000)
  object space 1216512K, 73% used [0x00000006c0000000,0x00000006f6b81cf0,0x000000070a400000)
 Metaspace       used 18158K, capacity 18572K, committed 18688K, reserved 1064960K
  class space    used 2391K, capacity 2508K, committed 2560K, reserved 1048576K
}
Event: 33.933 GC heap before
{Heap before GC invocations=30 (full 6):
 PSYoungGen      total 554496K, used 371716K [0x000000076ab00000, 0x00000007ab700000, 0x00000007c0000000)
  eden space 104448K, 100% used [0x000000076ab00000,0x0000000771100000,0x0000000771100000)
  from space 450048K, 59% used [0x0000000771100000,0x00000007816013a0,0x000000078c880000)
  to   space 465920K, 0% used [0x000000078f000000,0x000000078f000000,0x00000007ab700000)
 ParOldGen       total 1216512K, used 896519K [0x00000006c0000000, 0x000000070a400000, 0x000000076ab00000)
  object space 1216512K, 73% used [0x00000006c0000000,0x00000006f6b81cf0,0x000000070a400000)
 Metaspace       used 18158K, capacity 18572K, committed 18688K, reserved 1064960K
  class space    used 2391K, capacity 2508K, committed 2560K, reserved 1048576K
Event: 34.396 GC heap after
Heap after GC invocations=30 (full 6):
 PSYoungGen      total 553984K, used 175328K [0x000000076ab00000, 0x00000007a9100000, 0x00000007c0000000)
  eden space 126976K, 0% used [0x000000076ab00000,0x000000076ab00000,0x0000000772700000)
  from space 427008K, 41% used [0x000000078f000000,0x0000000799b38000,0x00000007a9100000)
  to   space 447488K, 0% used [0x0000000772700000,0x0000000772700000,0x000000078dc00000)
 ParOldGen       total 1216512K, used 1041063K [0x00000006c0000000, 0x000000070a400000, 0x000000076ab00000)
  object space 1216512K, 85% used [0x00000006c0000000,0x00000006ff8a9d00,0x000000070a400000)
 Metaspace       used 18158K, capacity 18572K, committed 18688K, reserved 1064960K
  class space    used 2391K, capacity 2508K, committed 2560K, reserved 1048576K
}
Event: 36.798 GC heap before
{Heap before GC invocations=31 (full 7):
 PSYoungGen      total 553984K, used 302304K [0x000000076ab00000, 0x00000007a9100000, 0x00000007c0000000)
  eden space 126976K, 100% used [0x000000076ab00000,0x0000000772700000,0x0000000772700000)
  from space 427008K, 41% used [0x000000078f000000,0x0000000799b38000,0x00000007a9100000)
  to   space 447488K, 0% used [0x0000000772700000,0x0000000772700000,0x000000078dc00000)
 ParOldGen       total 1307136K, used 1221287K [0x00000006c0000000, 0x000000070fc80000, 0x000000076ab00000)
  object space 1307136K, 93% used [0x00000006c0000000,0x000000070a8a9d20,0x000000070fc80000)
 Metaspace       used 18158K, capacity 18572K, committed 18688K, reserved 1064960K
  class space    used 2391K, capacity 2508K, committed 2560K, reserved 1048576K

Deoptimization events (10 events):
Event: 12.340 Thread 0x00007f283400c000 Uncommon trap: reason=bimorphic action=maybe_recompile pc=0x00007f28253c88ec method=java.io.ObjectInputStream$PeekInputStream.peek()I @ 17
Event: 12.357 Thread 0x00007f283400c000 Uncommon trap: reason=bimorphic action=maybe_recompile pc=0x00007f28253e277c method=java.io.ObjectInputStream$PeekInputStream.peek()I @ 17
Event: 12.357 Thread 0x00007f283400c000 Uncommon trap: reason=bimorphic action=maybe_recompile pc=0x00007f2825376e84 method=java.io.ObjectInputStream$PeekInputStream.read()I @ 23
Event: 12.357 Thread 0x00007f283400c000 Uncommon trap: reason=bimorphic action=maybe_recompile pc=0x00007f2825366064 method=java.io.ObjectInputStream$PeekInputStream.read()I @ 23
Event: 12.381 Thread 0x00007f283400c000 Uncommon trap: reason=bimorphic action=maybe_recompile pc=0x00007f28253b18e0 method=java.io.ObjectInputStream$PeekInputStream.read()I @ 23
Event: 12.381 Thread 0x00007f283400c000 Uncommon trap: reason=bimorphic action=maybe_recompile pc=0x00007f28253843c8 method=java.io.ObjectInputStream$PeekInputStream.read()I @ 23
Event: 12.391 Thread 0x00007f283400c000 Uncommon trap: reason=unstable_if action=reinterpret pc=0x00007f282544eb5c method=java.io.ObjectInputStream.readArray(Z)Ljava/lang/Object; @ 216
Event: 12.392 Thread 0x00007f283400c000 Uncommon trap: reason=class_check action=maybe_recompile pc=0x00007f28253dbe5c method=java.util.zip.InflaterInputStream.fill()V @ 19
Event: 12.393 Thread 0x00007f283400c000 Uncommon trap: reason=class_check action=maybe_recompile pc=0x00007f28253dbe5c method=java.util.zip.InflaterInputStream.fill()V @ 19
Event: 12.394 Thread 0x00007f283400c000 Uncommon trap: reason=class_check action=maybe_recompile pc=0x00007f28253dbe5c method=java.util.zip.InflaterInputStream.fill()V @ 19

Internal exceptions (10 events):
Event: 3.327 Thread 0x00007f283400c000 Implicit null exception at 0x00007f28252ae9c3 to 0x00007f28252aead5
Event: 3.336 Thread 0x00007f283400c000 Implicit null exception at 0x00007f28252c7c15 to 0x00007f28252c7d59
Event: 11.357 Thread 0x00007f283400c000 Exception <a 'java/lang/ClassNotFoundException': com/sun/org/glassfish/hk2/osgiresourcelocator/ServiceLoader> (0x0000000771b27d80) thrown at [/build/openjdk-8-pZyJp3/openjdk-8-8u131-b11/src/hotspot/src/share/vm/classfile/systemDictionary.cpp, line 210]
Event: 11.433 Thread 0x00007f283400c000 Exception <a 'java/lang/NullPointerException'> (0x0000000771b41818) thrown at [/build/openjdk-8-pZyJp3/openjdk-8-8u131-b11/src/hotspot/src/share/vm/interpreter/linkResolver.cpp, line 1299]
Event: 11.485 Thread 0x00007f283400c000 Implicit null exception at 0x00007f28252ee22f to 0x00007f28252ee299
Event: 11.584 Thread 0x00007f283400c000 Exception <a 'java/lang/ArrayIndexOutOfBoundsException': 18> (0x0000000771cb10f0) thrown at [/build/openjdk-8-pZyJp3/openjdk-8-8u131-b11/src/hotspot/src/share/vm/interpreter/interpreterRuntime.cpp, line 366]
Event: 11.584 Thread 0x00007f283400c000 Exception <a 'java/lang/ArrayIndexOutOfBoundsException': 67> (0x0000000771cb25b0) thrown at [/build/openjdk-8-pZyJp3/openjdk-8-8u131-b11/src/hotspot/src/share/vm/interpreter/interpreterRuntime.cpp, line 366]
Event: 11.585 Thread 0x00007f283400c000 Exception <a 'java/lang/ArrayIndexOutOfBoundsException': 65> (0x0000000771cb3e78) thrown at [/build/openjdk-8-pZyJp3/openjdk-8-8u131-b11/src/hotspot/src/share/vm/interpreter/interpreterRuntime.cpp, line 366]
Event: 11.834 Thread 0x00007f283400c000 Implicit null exception at 0x00007f28252b4395 to 0x00007f28252b44d9
Event: 12.282 Thread 0x00007f283400c000 Implicit null exception at 0x00007f2825227f35 to 0x00007f28252282f9

Events (10 events):
Event: 19.388 Executing VM operation: ParallelGCFailedAllocation done
Event: 20.289 Executing VM operation: ParallelGCFailedAllocation
Event: 20.541 Executing VM operation: ParallelGCFailedAllocation done
Event: 21.375 Executing VM operation: ParallelGCFailedAllocation
Event: 21.719 Executing VM operation: ParallelGCFailedAllocation done
Event: 22.018 Executing VM operation: ParallelGCFailedAllocation
Event: 31.746 Executing VM operation: ParallelGCFailedAllocation done
Event: 33.719 Executing VM operation: ParallelGCFailedAllocation
Event: 34.396 Executing VM operation: ParallelGCFailedAllocation done
Event: 36.798 Executing VM operation: ParallelGCFailedAllocation


Dynamic libraries:
00400000-00401000 r-xp 00000000 08:07 3440493                            /usr/lib/jvm/java-8-openjdk-amd64/jre/bin/java
00600000-00601000 r--p 00000000 08:07 3440493                            /usr/lib/jvm/java-8-openjdk-amd64/jre/bin/java
00601000-00602000 rw-p 00001000 08:07 3440493                            /usr/lib/jvm/java-8-openjdk-amd64/jre/bin/java
00ce7000-00d08000 rw-p 00000000 00:00 0                                  [heap]
6c0000000-70fc80000 rw-p 00000000 00:00 0 
726b80000-76ab00000 ---p 00000000 00:00 0 
76ab00000-7a9100000 rw-p 00000000 00:00 0 
7a9100000-7c0000000 ---p 00000000 00:00 0 
7c0000000-7c0280000 rw-p 00000000 00:00 0 
7c0280000-800000000 ---p 00000000 00:00 0 
7f27cc000000-7f27cc021000 rw-p 00000000 00:00 0 
7f27cc021000-7f27d0000000 ---p 00000000 00:00 0 
7f27d4000000-7f27d4381000 rw-p 00000000 00:00 0 
7f27d4381000-7f27d8000000 ---p 00000000 00:00 0 
7f27d8000000-7f27d8021000 rw-p 00000000 00:00 0 
7f27d8021000-7f27dc000000 ---p 00000000 00:00 0 
7f27dc000000-7f27dc5e8000 rw-p 00000000 00:00 0 
7f27dc5e8000-7f27e0000000 ---p 00000000 00:00 0 
7f27e0000000-7f27e084e000 rw-p 00000000 00:00 0 
7f27e084e000-7f27e4000000 ---p 00000000 00:00 0 
7f27e4000000-7f27e4021000 rw-p 00000000 00:00 0 
7f27e4021000-7f27e8000000 ---p 00000000 00:00 0 
7f27e8000000-7f27e8542000 rw-p 00000000 00:00 0 
7f27e8542000-7f27ec000000 ---p 00000000 00:00 0 
7f27ec000000-7f27ec021000 rw-p 00000000 00:00 0 
7f27ec021000-7f27f0000000 ---p 00000000 00:00 0 
7f27f0000000-7f27f0021000 rw-p 00000000 00:00 0 
7f27f0021000-7f27f4000000 ---p 00000000 00:00 0 
7f27f4000000-7f27f4039000 rw-p 00000000 00:00 0 
7f27f4039000-7f27f8000000 ---p 00000000 00:00 0 
7f27f8000000-7f27f868b000 rw-p 00000000 00:00 0 
7f27f868b000-7f27fc000000 ---p 00000000 00:00 0 
7f27fc0c8000-7f27fc288000 rw-p 00000000 00:00 0 
7f27fc288000-7f27fc2c8000 ---p 00000000 00:00 0 
7f27fc2c8000-7f27fc4c8000 rw-p 00000000 00:00 0 
7f27fc4c8000-7f27fc4db000 r--s 00346000 08:07 3434071                    /usr/lib/jvm/java-8-openjdk-amd64/jre/lib/resources.jar
7f27fc4db000-7f27fc6db000 rw-p 00000000 00:00 0 
7f27fc6db000-7f27fc6de000 r--s 00018000 08:07 1450011                    /home/sam/.ivy2/cache/org.eclipse.jetty/jetty-io/jars/jetty-io-9.2.10.v20150310.jar
7f27fc6de000-7f27fc6e4000 r--s 00051000 08:07 1450013                    /home/sam/.ivy2/cache/org.eclipse.jetty/jetty-util/jars/jetty-util-9.2.10.v20150310.jar
7f27fc6e4000-7f27fc6e6000 r--s 00018000 08:07 1450009                    /home/sam/.ivy2/cache/org.eclipse.jetty/jetty-http/jars/jetty-http-9.2.10.v20150310.jar
7f27fc6e6000-7f27fc6ec000 r--s 00061000 08:07 1450007                    /home/sam/.ivy2/cache/org.eclipse.jetty/jetty-server/jars/jetty-server-9.2.10.v20150310.jar
7f27fc6ec000-7f27fc6ef000 r--s 00015000 08:07 1450005                    /home/sam/.ivy2/cache/org.eclipse.jetty/jetty-security/jars/jetty-security-9.2.10.v20150310.jar
7f27fc6ef000-7f27fc6f2000 r--s 0001a000 08:07 1450001                    /home/sam/.ivy2/cache/org.eclipse.jetty/jetty-servlet/jars/jetty-servlet-9.2.10.v20150310.jar
7f27fc6f2000-7f27fc6f5000 r--s 00015000 08:07 5392708                    /home/sam/.ivy2/cache/javax.servlet/javax.servlet-api/jars/javax.servlet-api-3.1.0.jar
7f27fc6f5000-7f27fc6f6000 r--s 00004000 08:07 1449999                    /home/sam/.ivy2/cache/io.dropwizard.metrics/metrics-jetty9/bundles/metrics-jetty9-3.1.1.jar
7f27fc6f6000-7f27fc6fa000 r--s 00018000 08:07 5539255                    /home/sam/.ivy2/cache/io.dropwizard.metrics/metrics-core/bundles/metrics-core-3.1.1.jar
7f27fc6fa000-7f27fc6ff000 r--s 0002b000 08:07 1450003                    /home/sam/.ivy2/cache/org.http4s/http4s-server_2.10/jars/http4s-server_2.10-0.7.0.jar
7f27fc6ff000-7f27fc702000 r--s 00015000 08:07 1449997                    /home/sam/.ivy2/cache/org.http4s/http4s-servlet_2.10/jars/http4s-servlet_2.10-0.7.0.jar
7f27fc702000-7f27fc704000 r--s 00007000 08:07 1449953                    /home/sam/.ivy2/cache/org.http4s/http4s-jetty_2.10/jars/http4s-jetty_2.10-0.7.0.jar
7f27fc704000-7f27fc709000 r--s 0004b000 08:07 1449987                    /home/sam/.ivy2/cache/org.scodec/scodec-bits_2.10/bundles/scodec-bits_2.10-1.0.6.jar
7f27fc709000-7f27fc714000 r--s 0005e000 08:07 1449995                    /home/sam/.ivy2/cache/org.scalaz/scalaz-effect_2.10/bundles/scalaz-effect_2.10-7.1.0.jar
7f27fc714000-7f27fc71d000 r--s 0004d000 08:07 1449993                    /home/sam/.ivy2/cache/org.scalaz/scalaz-concurrent_2.10/bundles/scalaz-concurrent_2.10-7.1.0.jar
7f27fc71d000-7f27fc7db000 r--s 00839000 08:07 1449991                    /home/sam/.ivy2/cache/org.scalaz/scalaz-core_2.10/bundles/scalaz-core_2.10-7.1.0.jar
7f27fc7db000-7f27fc7fb000 r--s 00142000 08:07 1449985                    /home/sam/.ivy2/cache/org.scalaz.stream/scalaz-stream_2.10/bundles/scalaz-stream_2.10-0.7a.jar
7f27fc7fb000-7f27fc831000 r--s 002d9000 08:07 922738                     /home/sam/.sbt/boot/scala-2.10.4/lib/scala-reflect.jar
7f27fc831000-7f27fc83d000 r--s 000a4000 08:07 5123433                    /home/sam/.ivy2/cache/org.scalamacros/quasiquotes_2.10/jars/quasiquotes_2.10-2.0.1.jar
7f27fc83d000-7f27fc876000 r--s 0024b000 08:07 1449989                    /home/sam/.ivy2/cache/com.chuusai/shapeless_2.10.4/bundles/shapeless_2.10.4-2.1.0.jar
7f27fc876000-7f27fc880000 r--s 000b2000 08:07 1449983                    /home/sam/.ivy2/cache/org.parboiled/parboiled_2.10/jars/parboiled_2.10-2.1.0.jar
7f27fc880000-7f27fc882000 r--s 00006000 08:07 5408195                    /home/sam/.ivy2/cache/org.slf4j/slf4j-api/jars/slf4j-api-1.7.7.jar
7f27fc882000-7f27fc884000 r--s 00011000 08:07 1449981                    /home/sam/.ivy2/cache/org.log4s/log4s_2.10/jars/log4s_2.10-1.1.3.jar
7f27fc884000-7f27fc886000 r--s 0000c000 08:07 1449979                    /home/sam/.ivy2/cache/org.http4s/http4s-websocket_2.10/jars/http4s-websocket_2.10-0.1.1.jar
7f27fc886000-7f27fc888000 r--s 00003000 08:07 1449977                    /home/sam/.ivy2/cache/net.iharder/base64/jars/base64-2.3.8.jar
7f27fc888000-7f27fc8a1000 r--s 0015f000 08:07 1449975                    /home/sam/.ivy2/cache/org.http4s/http4s-core_2.10/jars/http4s-core_2.10-0.7.0.jar
7f27fc8a1000-7f27fcaa1000 rw-p 00000000 00:00 0 
7f27fcaa1000-7f27fcb13000 r--s 0065b000 08:07 5155733                    /home/sam/.ivy2/cache/org.scala-lang/scala-library/jars/scala-library-2.10.5.jar
7f27fcb13000-7f27fcb18000 r--s 00031000 08:07 1449951                    /home/sam/.ivy2/cache/org.http4s/http4s-dsl_2.10/jars/http4s-dsl_2.10-0.7.0.jar
7f27fcb18000-7f27fcb19000 r--s 00004000 08:07 5392669                    /home/sam/.ivy2/cache/javax.json/javax.json-api/bundles/javax.json-api-1.0.jar
7f27fcb19000-7f27fcb1e000 r--s 00045000 08:07 5392667                    /home/sam/.ivy2/cache/com.googlecode.efficient-java-matrix-library/ejml/jars/ejml-0.23.jar
7f27fcb1e000-7f27fcb22000 r--s 00015000 08:07 5392680                    /home/sam/.ivy2/cache/javax.xml.bind/jaxb-api/jars/jaxb-api-2.2.7.jar
7f27fcb22000-7f27fcb27000 r--s 0002d000 08:07 5392665                    /home/sam/.ivy2/cache/de.jollyday/jollyday/jars/jollyday-0.4.7.jar
7f27fcb27000-7f27fcb45000 r--s 0027d000 08:07 5392678                    /home/sam/.ivy2/cache/xalan/xalan/jars/xalan-2.7.0.jar
7f27fcb45000-7f27fcb5c000 r--s 00110000 08:07 5392676                    /home/sam/.ivy2/cache/xerces/xercesImpl/jars/xercesImpl-2.8.0.jar
7f27fcb5c000-7f27fcb64000 r--s 00028000 08:07 5392673                    /home/sam/.ivy2/cache/xml-apis/xml-apis/jars/xml-apis-1.3.03.jar
7f27fcb64000-7f27fcb6b000 r--s 00046000 08:07 5392663                    /home/sam/.ivy2/cache/com.io7m.xom/xom/jars/xom-1.2.10.jar
7f27fcb6b000-7f27fcbae000 r--s 00577000 08:07 5408194                    /home/sam/.ivy2/cache/edu.stanford.nlp/stanford-corenlp/jars/stanford-corenlp-3.5.1.jar
7f27fcbae000-7f27fcbb1000 r--s 11dbb000 08:07 5408193                    /home/sam/.ivy2/cache/edu.stanford.nlp/stanford-corenlp/jars/stanford-corenlp-3.5.1-models.jar
7f27fcbb1000-7f27fcbb5000 r--s 0001b000 08:07 1449949                    /home/sam/.ivy2/cache/com.github.scopt/scopt_2.10/jars/scopt_2.10-3.2.0.jar
7f27fcbb5000-7f27fcbc6000 r--s 000c3000 08:07 1449969                    /home/sam/.ivy2/cache/com.fasterxml.jackson.core/jackson-databind/jars/jackson-databind-2.2.2.jar
7f27fcbc6000-7f27fcbc9000 r--s 0002c000 08:07 1449967                    /home/sam/.ivy2/cache/com.fasterxml.jackson.core/jackson-core/jars/jackson-core-2.2.2.jar
7f27fcbc9000-7f27fcbcc000 r--s 00006000 08:07 1449965                    /home/sam/.ivy2/cache/com.fasterxml.jackson.core/jackson-annotations/jars/jackson-annotations-2.2.2.jar
7f27fcbcc000-7f27fcbce000 r--s 00008000 08:07 1449963                    /home/sam/.ivy2/cache/org.joda/joda-convert/jars/joda-convert-1.3.1.jar
7f27fcbce000-7f27fcbde000 r--s 0007d000 08:07 5277067                    /home/sam/.ivy2/cache/joda-time/joda-time/jars/joda-time-2.2.jar
7f27fcbde000-7f27fcbe6000 r--s 00052000 08:07 1449959                    /home/sam/.ivy2/cache/com.typesafe.play/play-functional_2.10/jars/play-functional_2.10-2.2.1.jar
7f27fcbe6000-7f27fcbea000 r--s 0002a000 08:07 1449973                    /home/sam/.ivy2/cache/com.typesafe/config/bundles/config-1.0.2.jar
7f27fcbea000-7f27fcbf3000 r--s 00096000 08:07 1449971                    /home/sam/.ivy2/cache/org.scala-stm/scala-stm_2.10/jars/scala-stm_2.10-0.7.jar
7f27fcbf3000-7f27fcc04000 r--s 0009e000 08:07 1449957                    /home/sam/.ivy2/cache/com.typesafe.play/play-iteratees_2.10/jars/play-iteratees_2.10-2.2.1.jar
7f27fcc04000-7f27fcc10000 r--s 0008e000 08:07 1449947                    /home/sam/.ivy2/cache/com.typesafe.play/play-json_2.10/jars/play-json_2.10-2.2.1.jar
7f27fcc10000-7f27fcc18000 r--s 00051000 08:07 1449955                    /home/sam/.ivy2/cache/ch.qos.logback/logback-core/jars/logback-core-1.0.7.jar
7f27fcc18000-7f27fcc33000 r--s 001d6000 08:07 3423829                    /usr/lib/jvm/java-8-openjdk-amd64/jre/lib/ext/nashorn.jar
7f27fcc33000-7f27fcc34000 ---p 00000000 00:00 0 
7f27fcc34000-7f27fcd34000 rw-p 00000000 00:00 0 
7f27fcd34000-7f27fcd37000 ---p 00000000 00:00 0 
7f27fcd37000-7f27fce35000 rw-p 00000000 00:00 0 
7f27fce35000-7f27fce38000 ---p 00000000 00:00 0 
7f27fce38000-7f27fcf36000 rw-p 00000000 00:00 0 
7f27fcf36000-7f27fcf39000 ---p 00000000 00:00 0 
7f27fcf39000-7f27fd037000 rw-p 00000000 00:00 0 
7f27fd037000-7f27fd03a000 ---p 00000000 00:00 0 
7f27fd03a000-7f27fd138000 rw-p 00000000 00:00 0 
7f27fd138000-7f27fd13b000 ---p 00000000 00:00 0 
7f27fd13b000-7f27fd239000 rw-p 00000000 00:00 0 
7f27fd239000-7f27fd23c000 ---p 00000000 00:00 0 
7f27fd23c000-7f27fd33a000 rw-p 00000000 00:00 0 
7f27fd33a000-7f27fd790000 r--p 00000000 08:07 3438661                    /usr/lib/locale/locale-archive
7f27fd790000-7f27fd793000 ---p 00000000 00:00 0 
7f27fd793000-7f27fd891000 rw-p 00000000 00:00 0 
7f27fd891000-7f27fd894000 ---p 00000000 00:00 0 
7f27fd894000-7f27fd992000 rw-p 00000000 00:00 0 
7f27fd992000-7f27fd993000 ---p 00000000 00:00 0 
7f27fd993000-7f27ff632000 rw-p 00000000 00:00 0 
7f27ff632000-7f27ff800000 r--s 03c13000 08:07 3423806                    /usr/lib/jvm/java-8-openjdk-amd64/jre/lib/rt.jar
7f27ff800000-7f2808000000 rw-p 00000000 00:00 0 
7f2808000000-7f2808fc0000 rw-p 00000000 00:00 0 
7f2808fc0000-7f280c000000 ---p 00000000 00:00 0 
7f280c000000-7f280d64b000 rw-p 00000000 00:00 0 
7f280d64b000-7f2810000000 ---p 00000000 00:00 0 
7f2810000000-7f28106b3000 rw-p 00000000 00:00 0 
7f28106b3000-7f2814000000 ---p 00000000 00:00 0 
7f2814000000-7f281483f000 rw-p 00000000 00:00 0 
7f281483f000-7f2818000000 ---p 00000000 00:00 0 
7f2818000000-7f281840f000 rw-p 00000000 00:00 0 
7f281840f000-7f281c000000 ---p 00000000 00:00 0 
7f281c000000-7f281c91b000 rw-p 00000000 00:00 0 
7f281c91b000-7f2820000000 ---p 00000000 00:00 0 
7f2820000000-7f282091e000 rw-p 00000000 00:00 0 
7f282091e000-7f2824000000 ---p 00000000 00:00 0 
7f2824000000-7f2824006000 r--s 00038000 08:07 1449945                    /home/sam/.ivy2/cache/ch.qos.logback/logback-classic/jars/logback-classic-1.0.7.jar
7f2824006000-7f28248f9000 rw-p 00000000 00:00 0 
7f28248f9000-7f28248fa000 ---p 00000000 00:00 0 
7f28248fa000-7f28249fa000 rw-p 00000000 00:00 0 
7f28249fa000-7f28249fb000 ---p 00000000 00:00 0 
7f28249fb000-7f2824afb000 rw-p 00000000 00:00 0 
7f2824afb000-7f2824afc000 ---p 00000000 00:00 0 
7f2824afc000-7f2824bfc000 rw-p 00000000 00:00 0 
7f2824bfc000-7f2824bfd000 ---p 00000000 00:00 0 
7f2824bfd000-7f2824cfd000 rw-p 00000000 00:00 0 
7f2824cfd000-7f2824cfe000 ---p 00000000 00:00 0 
7f2824cfe000-7f2824dfe000 rw-p 00000000 00:00 0 
7f2824dfe000-7f2824dff000 ---p 00000000 00:00 0 
7f2824dff000-7f2824eff000 rw-p 00000000 00:00 0 
7f2824eff000-7f2824f00000 ---p 00000000 00:00 0 
7f2824f00000-7f2825000000 rw-p 00000000 00:00 0 
7f2825000000-7f2825710000 rwxp 00000000 00:00 0 
7f2825710000-7f2834000000 ---p 00000000 00:00 0 
7f2834000000-7f2834974000 rw-p 00000000 00:00 0 
7f2834974000-7f2838000000 ---p 00000000 00:00 0 
7f2838000000-7f2838004000 r--s 00037000 08:07 3423984                    /usr/lib/jvm/java-8-openjdk-amd64/jre/lib/ext/sunpkcs11.jar
7f2838004000-7f283801f000 r--s 00394000 08:07 3423827                    /usr/lib/jvm/java-8-openjdk-amd64/jre/lib/ext/cldrdata.jar
7f283801f000-7f2838095000 rw-p 00000000 00:00 0 
7f2838095000-7f2838096000 ---p 00000000 00:00 0 
7f2838096000-7f2838415000 rw-p 00000000 00:00 0 
7f2838415000-7f28386ec000 ---p 00000000 00:00 0 
7f28386ec000-7f283896b000 rw-p 00000000 00:00 0 
7f283896b000-7f2838c41000 ---p 00000000 00:00 0 
7f2838c41000-7f2838e35000 rw-p 00000000 00:00 0 
7f2838e35000-7f2838eec000 ---p 00000000 00:00 0 
7f2838eec000-7f2838f0a000 rw-p 00000000 00:00 0 
7f2838f0a000-7f28392ad000 ---p 00000000 00:00 0 
7f28392ad000-7f28392b5000 r-xp 00000000 08:07 3434022                    /usr/lib/jvm/java-8-openjdk-amd64/jre/lib/amd64/libzip.so
7f28392b5000-7f28394b4000 ---p 00008000 08:07 3434022                    /usr/lib/jvm/java-8-openjdk-amd64/jre/lib/amd64/libzip.so
7f28394b4000-7f28394b5000 r--p 00007000 08:07 3434022                    /usr/lib/jvm/java-8-openjdk-amd64/jre/lib/amd64/libzip.so
7f28394b5000-7f28394b6000 rw-p 00008000 08:07 3434022                    /usr/lib/jvm/java-8-openjdk-amd64/jre/lib/amd64/libzip.so
7f28394b6000-7f28394c1000 r-xp 00000000 08:07 4072534                    /lib/x86_64-linux-gnu/libnss_files-2.23.so
7f28394c1000-7f28396c0000 ---p 0000b000 08:07 4072534                    /lib/x86_64-linux-gnu/libnss_files-2.23.so
7f28396c0000-7f28396c1000 r--p 0000a000 08:07 4072534                    /lib/x86_64-linux-gnu/libnss_files-2.23.so
7f28396c1000-7f28396c2000 rw-p 0000b000 08:07 4072534                    /lib/x86_64-linux-gnu/libnss_files-2.23.so
7f28396c2000-7f28396c8000 rw-p 00000000 00:00 0 
7f28396c8000-7f28396d3000 r-xp 00000000 08:07 4072545                    /lib/x86_64-linux-gnu/libnss_nis-2.23.so
7f28396d3000-7f28398d2000 ---p 0000b000 08:07 4072545                    /lib/x86_64-linux-gnu/libnss_nis-2.23.so
7f28398d2000-7f28398d3000 r--p 0000a000 08:07 4072545                    /lib/x86_64-linux-gnu/libnss_nis-2.23.so
7f28398d3000-7f28398d4000 rw-p 0000b000 08:07 4072545                    /lib/x86_64-linux-gnu/libnss_nis-2.23.so
7f28398d4000-7f28398ea000 r-xp 00000000 08:07 4071430                    /lib/x86_64-linux-gnu/libnsl-2.23.so
7f28398ea000-7f2839ae9000 ---p 00016000 08:07 4071430                    /lib/x86_64-linux-gnu/libnsl-2.23.so
7f2839ae9000-7f2839aea000 r--p 00015000 08:07 4071430                    /lib/x86_64-linux-gnu/libnsl-2.23.so
7f2839aea000-7f2839aeb000 rw-p 00016000 08:07 4071430                    /lib/x86_64-linux-gnu/libnsl-2.23.so
7f2839aeb000-7f2839aed000 rw-p 00000000 00:00 0 
7f2839aed000-7f2839af5000 r-xp 00000000 08:07 4072583                    /lib/x86_64-linux-gnu/libnss_compat-2.23.so
7f2839af5000-7f2839cf4000 ---p 00008000 08:07 4072583                    /lib/x86_64-linux-gnu/libnss_compat-2.23.so
7f2839cf4000-7f2839cf5000 r--p 00007000 08:07 4072583                    /lib/x86_64-linux-gnu/libnss_compat-2.23.so
7f2839cf5000-7f2839cf6000 rw-p 00008000 08:07 4072583                    /lib/x86_64-linux-gnu/libnss_compat-2.23.so
7f2839cf6000-7f2839d23000 r-xp 00000000 08:07 3434051                    /usr/lib/jvm/java-8-openjdk-amd64/jre/lib/amd64/libjava.so
7f2839d23000-7f2839f22000 ---p 0002d000 08:07 3434051                    /usr/lib/jvm/java-8-openjdk-amd64/jre/lib/amd64/libjava.so
7f2839f22000-7f2839f23000 r--p 0002c000 08:07 3434051                    /usr/lib/jvm/java-8-openjdk-amd64/jre/lib/amd64/libjava.so
7f2839f23000-7f2839f25000 rw-p 0002d000 08:07 3434051                    /usr/lib/jvm/java-8-openjdk-amd64/jre/lib/amd64/libjava.so
7f2839f25000-7f2839f34000 r-xp 00000000 08:07 3433831                    /usr/lib/jvm/java-8-openjdk-amd64/jre/lib/amd64/libverify.so
7f2839f34000-7f283a133000 ---p 0000f000 08:07 3433831                    /usr/lib/jvm/java-8-openjdk-amd64/jre/lib/amd64/libverify.so
7f283a133000-7f283a135000 r--p 0000e000 08:07 3433831                    /usr/lib/jvm/java-8-openjdk-amd64/jre/lib/amd64/libverify.so
7f283a135000-7f283a136000 rw-p 00010000 08:07 3433831                    /usr/lib/jvm/java-8-openjdk-amd64/jre/lib/amd64/libverify.so
7f283a136000-7f283a13d000 r-xp 00000000 08:07 4072566                    /lib/x86_64-linux-gnu/librt-2.23.so
7f283a13d000-7f283a33c000 ---p 00007000 08:07 4072566                    /lib/x86_64-linux-gnu/librt-2.23.so
7f283a33c000-7f283a33d000 r--p 00006000 08:07 4072566                    /lib/x86_64-linux-gnu/librt-2.23.so
7f283a33d000-7f283a33e000 rw-p 00007000 08:07 4072566                    /lib/x86_64-linux-gnu/librt-2.23.so
7f283a33e000-7f283a354000 r-xp 00000000 08:07 4074006                    /lib/x86_64-linux-gnu/libgcc_s.so.1
7f283a354000-7f283a553000 ---p 00016000 08:07 4074006                    /lib/x86_64-linux-gnu/libgcc_s.so.1
7f283a553000-7f283a554000 r--p 00015000 08:07 4074006                    /lib/x86_64-linux-gnu/libgcc_s.so.1
7f283a554000-7f283a555000 rw-p 00016000 08:07 4074006                    /lib/x86_64-linux-gnu/libgcc_s.so.1
7f283a555000-7f283a65d000 r-xp 00000000 08:07 4072599                    /lib/x86_64-linux-gnu/libm-2.23.so
7f283a65d000-7f283a85c000 ---p 00108000 08:07 4072599                    /lib/x86_64-linux-gnu/libm-2.23.so
7f283a85c000-7f283a85d000 r--p 00107000 08:07 4072599                    /lib/x86_64-linux-gnu/libm-2.23.so
7f283a85d000-7f283a85e000 rw-p 00108000 08:07 4072599                    /lib/x86_64-linux-gnu/libm-2.23.so
7f283a85e000-7f283a9d8000 r-xp 00000000 08:07 3436354                    /usr/lib/x86_64-linux-gnu/libstdc++.so.6.0.23
7f283a9d8000-7f283abd8000 ---p 0017a000 08:07 3436354                    /usr/lib/x86_64-linux-gnu/libstdc++.so.6.0.23
7f283abd8000-7f283abe2000 r--p 0017a000 08:07 3436354                    /usr/lib/x86_64-linux-gnu/libstdc++.so.6.0.23
7f283abe2000-7f283abe4000 rw-p 00184000 08:07 3436354                    /usr/lib/x86_64-linux-gnu/libstdc++.so.6.0.23
7f283abe4000-7f283abe8000 rw-p 00000000 00:00 0 
7f283abe8000-7f283b83c000 r-xp 00000000 08:07 3434020                    /usr/lib/jvm/java-8-openjdk-amd64/jre/lib/amd64/server/libjvm.so
7f283b83c000-7f283ba3c000 ---p 00c54000 08:07 3434020                    /usr/lib/jvm/java-8-openjdk-amd64/jre/lib/amd64/server/libjvm.so
7f283ba3c000-7f283bacf000 r--p 00c54000 08:07 3434020                    /usr/lib/jvm/java-8-openjdk-amd64/jre/lib/amd64/server/libjvm.so
7f283bacf000-7f283baf8000 rw-p 00ce7000 08:07 3434020                    /usr/lib/jvm/java-8-openjdk-amd64/jre/lib/amd64/server/libjvm.so
7f283baf8000-7f283bb28000 rw-p 00000000 00:00 0 
7f283bb28000-7f283bb40000 r-xp 00000000 08:07 4072538                    /lib/x86_64-linux-gnu/libpthread-2.23.so
7f283bb40000-7f283bd3f000 ---p 00018000 08:07 4072538                    /lib/x86_64-linux-gnu/libpthread-2.23.so
7f283bd3f000-7f283bd40000 r--p 00017000 08:07 4072538                    /lib/x86_64-linux-gnu/libpthread-2.23.so
7f283bd40000-7f283bd41000 rw-p 00018000 08:07 4072538                    /lib/x86_64-linux-gnu/libpthread-2.23.so
7f283bd41000-7f283bd45000 rw-p 00000000 00:00 0 
7f283bd45000-7f283bd48000 r-xp 00000000 08:07 4072579                    /lib/x86_64-linux-gnu/libdl-2.23.so
7f283bd48000-7f283bf47000 ---p 00003000 08:07 4072579                    /lib/x86_64-linux-gnu/libdl-2.23.so
7f283bf47000-7f283bf48000 r--p 00002000 08:07 4072579                    /lib/x86_64-linux-gnu/libdl-2.23.so
7f283bf48000-7f283bf49000 rw-p 00003000 08:07 4072579                    /lib/x86_64-linux-gnu/libdl-2.23.so
7f283bf49000-7f283bf62000 r-xp 00000000 08:07 4071361                    /lib/x86_64-linux-gnu/libz.so.1.2.8
7f283bf62000-7f283c161000 ---p 00019000 08:07 4071361                    /lib/x86_64-linux-gnu/libz.so.1.2.8
7f283c161000-7f283c162000 r--p 00018000 08:07 4071361                    /lib/x86_64-linux-gnu/libz.so.1.2.8
7f283c162000-7f283c163000 rw-p 00019000 08:07 4071361                    /lib/x86_64-linux-gnu/libz.so.1.2.8
7f283c163000-7f283c323000 r-xp 00000000 08:07 4072611                    /lib/x86_64-linux-gnu/libc-2.23.so
7f283c323000-7f283c523000 ---p 001c0000 08:07 4072611                    /lib/x86_64-linux-gnu/libc-2.23.so
7f283c523000-7f283c527000 r--p 001c0000 08:07 4072611                    /lib/x86_64-linux-gnu/libc-2.23.so
7f283c527000-7f283c529000 rw-p 001c4000 08:07 4072611                    /lib/x86_64-linux-gnu/libc-2.23.so
7f283c529000-7f283c52d000 rw-p 00000000 00:00 0 
7f283c52d000-7f283c53a000 r-xp 00000000 08:07 3433828                    /usr/lib/jvm/java-8-openjdk-amd64/jre/lib/amd64/jli/libjli.so
7f283c53a000-7f283c73a000 ---p 0000d000 08:07 3433828                    /usr/lib/jvm/java-8-openjdk-amd64/jre/lib/amd64/jli/libjli.so
7f283c73a000-7f283c73b000 r--p 0000d000 08:07 3433828                    /usr/lib/jvm/java-8-openjdk-amd64/jre/lib/amd64/jli/libjli.so
7f283c73b000-7f283c73c000 rw-p 0000e000 08:07 3433828                    /usr/lib/jvm/java-8-openjdk-amd64/jre/lib/amd64/jli/libjli.so
7f283c73c000-7f283c762000 r-xp 00000000 08:07 4071431                    /lib/x86_64-linux-gnu/ld-2.23.so
7f283c762000-7f283c763000 r--s 00001000 08:07 1449961                    /home/sam/.ivy2/cache/com.typesafe.play/play-datacommons_2.10/jars/play-datacommons_2.10-2.2.1.jar
7f283c763000-7f283c768000 r--s 0003b000 08:07 3433820                    /usr/lib/jvm/java-8-openjdk-amd64/jre/lib/ext/sunjce_provider.jar
7f283c768000-7f283c83b000 rw-p 00000000 00:00 0 
7f283c83b000-7f283c83e000 ---p 00000000 00:00 0 
7f283c83e000-7f283c941000 rw-p 00000000 00:00 0 
7f283c941000-7f283c942000 r--s 24ee7000 08:07 800765                     /home/sam/thesis/test_dd/udf/bazaar/parser/lib/stanford-srparser-2014-10-23-models.jar
7f283c942000-7f283c945000 r--s 0000f000 08:07 3433821                    /usr/lib/jvm/java-8-openjdk-amd64/jre/lib/ext/icedtea-sound.jar
7f283c945000-7f283c946000 r--s 0000a000 08:07 3430339                    /usr/lib/jvm/java-8-openjdk-amd64/jre/lib/ext/jaccess.jar
7f283c946000-7f283c948000 r--s 00008000 08:07 3433822                    /usr/lib/jvm/java-8-openjdk-amd64/jre/lib/ext/sunec.jar
7f283c948000-7f283c952000 r--s 00116000 08:07 3423830                    /usr/lib/jvm/java-8-openjdk-amd64/jre/lib/ext/localedata.jar
7f283c952000-7f283c953000 r--s 00010000 08:07 3433823                    /usr/lib/jvm/java-8-openjdk-amd64/jre/lib/ext/zipfs.jar
7f283c953000-7f283c955000 r--s 00001000 08:07 3424183                    /usr/lib/jvm/java-8-openjdk-amd64/jre/lib/ext/dnsns.jar
7f283c955000-7f283c95d000 rw-s 00000000 08:07 270610                     /tmp/hsperfdata_sam/23944
7f283c95d000-7f283c95e000 rw-p 00000000 00:00 0 
7f283c95e000-7f283c95f000 ---p 00000000 00:00 0 
7f283c95f000-7f283c961000 rw-p 00000000 00:00 0 
7f283c961000-7f283c962000 r--p 00025000 08:07 4071431                    /lib/x86_64-linux-gnu/ld-2.23.so
7f283c962000-7f283c963000 rw-p 00026000 08:07 4071431                    /lib/x86_64-linux-gnu/ld-2.23.so
7f283c963000-7f283c964000 rw-p 00000000 00:00 0 
7fff402f3000-7fff40316000 rw-p 00000000 00:00 0                          [stack]
7fff403db000-7fff403dd000 r--p 00000000 00:00 0                          [vvar]
7fff403dd000-7fff403df000 r-xp 00000000 00:00 0                          [vdso]
ffffffffff600000-ffffffffff601000 r-xp 00000000 00:00 0                  [vsyscall]

VM Arguments:
jvm_args: -Xmx4g -Dfile.encoding=UTF-8 
java_command: com.clearcut.nlp.Main -i json -k doc_id -v content
java_class_path (initial): /home/sam/thesis/test_dd/udf/bazaar/parser/target/../target/scala-2.10/classes:/home/sam/thesis/test_dd/udf/bazaar/parser/target/../lib/stanford-srparser-2014-10-23-models.jar:/home/sam/thesis/test_dd/udf/bazaar/parser/target/../lib/stanford-srparser-2014-10-23-models.jar:/home/sam/.ivy2/cache/ch.qos.logback/logback-classic/jars/logback-classic-1.0.7.jar:/home/sam/.ivy2/cache/ch.qos.logback/logback-core/jars/logback-core-1.0.7.jar:/home/sam/.ivy2/cache/com.typesafe.play/play-json_2.10/jars/play-json_2.10-2.2.1.jar:/home/sam/.ivy2/cache/com.typesafe.play/play-iteratees_2.10/jars/play-iteratees_2.10-2.2.1.jar:/home/sam/.ivy2/cache/org.scala-stm/scala-stm_2.10/jars/scala-stm_2.10-0.7.jar:/home/sam/.ivy2/cache/com.typesafe/config/bundles/config-1.0.2.jar:/home/sam/.ivy2/cache/com.typesafe.play/play-functional_2.10/jars/play-functional_2.10-2.2.1.jar:/home/sam/.ivy2/cache/com.typesafe.play/play-datacommons_2.10/jars/play-datacommons_2.10-2.2.1.jar:/home/sam/.ivy2/cache/joda-time/joda-time/jars/joda-time-2.2.jar:/home/sam/.ivy2/cache/org.joda/joda-convert/jars/joda-convert-1.3.1.jar:/home/sam/.ivy2/cache/com.fasterxml.jackson.core/jackson-annotations/jars/jackson-annotations-2.2.2.jar:/home/sam/.ivy2/cache/com.fasterxml.jackson.core/jackson-core/jars/jackson-core-2.2.2.jar:/home/sam/.ivy2/cache/com.fasterxml.jackson.core/jackson-databind/jars/jackson-databind-2.2.2.jar:/home/sam/.ivy2/cache/com.github.scopt/scopt_2.10/jars/scopt_2.10-3.2.0.jar:/home/sam/.ivy2/cache/edu.stanford.nlp/stanford-corenlp/jars/stanford-corenlp-3.5.1-models.jar:/home/sam/.ivy2/cache/edu.stanford.nlp/stanford-corenlp/jars/stanford-corenlp-3.5.1.jar:/home/sam/.ivy2/cache/com.io7m.xom/xom/jars/xom-1.2.10.jar:/home/sam/.ivy2/cache/xml-apis/xml-apis/jars/xml-apis-1.3.03.jar:/home/sam/.ivy2/cache/xerces/xercesImpl/jars/xercesImpl-2.8.0.jar:/home/sam/.ivy2/cache/xalan/xalan/jars/xalan-2.7.0.jar:/home/sam/.ivy2/cache/de.jollyday/jollyday/jars/jollyday-0.4.7.jar:/home/sam/.ivy
Launcher Type: SUN_STANDARD

Environment Variables:
PATH=/home/sam/local/util/db-driver/postgresql:/home/sam/local/util/db-driver/postgresql:/home/sam/local/util/compute-driver/local:/home/sam/local/util/db-driver/postgresql:/home/sam/local/util/db-driver/postgresql:/home/sam/local/util:/home/sam/local/bin:/home/sam/local/lib/bundled/.all/bin:/usr/local/sbin:/usr/local/bin:/usr/sbin:/usr/bin:/sbin:/bin:/usr/games:/usr/local/games:/snap/bin:/usr/local/spark/bin
SHELL=/bin/bash
DISPLAY=:0

Signal Handlers:
SIGSEGV: [libjvm.so+0xa6ad10], sa_mask[0]=11111111011111111101111111111110, sa_flags=SA_RESTART|SA_SIGINFO
SIGBUS: [libjvm.so+0xa6ad10], sa_mask[0]=11111111011111111101111111111110, sa_flags=SA_RESTART|SA_SIGINFO
SIGFPE: [libjvm.so+0x8b3bc0], sa_mask[0]=11111111011111111101111111111110, sa_flags=SA_RESTART|SA_SIGINFO
SIGPIPE: [libjvm.so+0x8b3bc0], sa_mask[0]=11111111011111111101111111111110, sa_flags=SA_RESTART|SA_SIGINFO
SIGXFSZ: [libjvm.so+0x8b3bc0], sa_mask[0]=11111111011111111101111111111110, sa_flags=SA_RESTART|SA_SIGINFO
SIGILL: [libjvm.so+0x8b3bc0], sa_mask[0]=11111111011111111101111111111110, sa_flags=SA_RESTART|SA_SIGINFO
SIGUSR1: SIG_DFL, sa_mask[0]=00000000000000000000000000000000, sa_flags=none
SIGUSR2: [libjvm.so+0x8b3a70], sa_mask[0]=00000000000000000000000000000000, sa_flags=SA_RESTART|SA_SIGINFO
SIGHUP: [libjvm.so+0x8b3f40], sa_mask[0]=11111111011111111101111111111110, sa_flags=SA_RESTART|SA_SIGINFO
SIGINT: SIG_IGN, sa_mask[0]=00000000000000000000000000000000, sa_flags=none
SIGTERM: [libjvm.so+0x8b3f40], sa_mask[0]=11111111011111111101111111111110, sa_flags=SA_RESTART|SA_SIGINFO
SIGQUIT: [libjvm.so+0x8b3f40], sa_mask[0]=11111111011111111101111111111110, sa_flags=SA_RESTART|SA_SIGINFO


---------------  S Y S T E M  ---------------

OS:DISTRIB_ID=Ubuntu
DISTRIB_RELEASE=16.04
DISTRIB_CODENAME=xenial
DISTRIB_DESCRIPTION="Ubuntu 16.04.2 LTS"

uname:Linux 4.4.0-31-generic #50-Ubuntu SMP Wed Jul 13 00:07:12 UTC 2016 x86_64
libc:glibc 2.23 NPTL 2.23 
rlimit: STACK 8192k, CORE 0k, NPROC 30546, NOFILE 1048576, AS infinity
load average:4.93 1.74 0.89

/proc/meminfo:
MemTotal:        8055476 kB
MemFree:          146100 kB
MemAvailable:      82176 kB
Buffers:            3980 kB
Cached:           458508 kB
SwapCached:            0 kB
Active:          7275716 kB
Inactive:         380048 kB
Active(anon):    7236048 kB
Inactive(anon):   328004 kB
Active(file):      39668 kB
Inactive(file):    52044 kB
Unevictable:         720 kB
Mlocked:             720 kB
SwapTotal:             0 kB
SwapFree:              0 kB
Dirty:               552 kB
Writeback:             0 kB
AnonPages:       7194420 kB
Mapped:           210760 kB
Shmem:            370416 kB
Slab:             106212 kB
SReclaimable:      52304 kB
SUnreclaim:        53908 kB
KernelStack:       13520 kB
PageTables:        68928 kB
NFS_Unstable:          0 kB
Bounce:                0 kB
WritebackTmp:          0 kB
CommitLimit:     4027736 kB
Committed_AS:   11763772 kB
VmallocTotal:   34359738367 kB
VmallocUsed:           0 kB
VmallocChunk:          0 kB
HardwareCorrupted:     0 kB
AnonHugePages:   3317760 kB
CmaTotal:              0 kB
CmaFree:               0 kB
HugePages_Total:       0
HugePages_Free:        0
HugePages_Rsvd:        0
HugePages_Surp:        0
Hugepagesize:       2048 kB
DirectMap4k:      269920 kB
DirectMap2M:     7999488 kB
DirectMap1G:           0 kB


CPU:total 8 (initial active 8) (4 cores per cpu, 2 threads per core) family 6 model 60 stepping 3, cmov, cx8, fxsr, mmx, sse, sse2, sse3, ssse3, sse4.1, sse4.2, popcnt, avx, avx2, aes, clmul, erms, lzcnt, ht, tsc, tscinvbit, bmi1, bmi2

/proc/cpuinfo:
processor	: 0
vendor_id	: GenuineIntel
cpu family	: 6
model		: 60
model name	: Intel(R) Core(TM) i7-4700HQ CPU @ 2.40GHz
stepping	: 3
microcode	: 0x12
cpu MHz		: 2321.718
cache size	: 6144 KB
physical id	: 0
siblings	: 8
core id		: 0
cpu cores	: 4
apicid		: 0
initial apicid	: 0
fpu		: yes
fpu_exception	: yes
cpuid level	: 13
wp		: yes
flags		: fpu vme de pse tsc msr pae mce cx8 apic sep mtrr pge mca cmov pat pse36 clflush dts acpi mmx fxsr sse sse2 ss ht tm pbe syscall nx pdpe1gb rdtscp lm constant_tsc arch_perfmon pebs bts rep_good nopl xtopology nonstop_tsc aperfmperf eagerfpu pni pclmulqdq dtes64 monitor ds_cpl vmx est tm2 ssse3 sdbg fma cx16 xtpr pdcm pcid sse4_1 sse4_2 x2apic movbe popcnt tsc_deadline_timer aes xsave avx f16c rdrand lahf_lm abm epb tpr_shadow vnmi flexpriority ept vpid fsgsbase tsc_adjust bmi1 avx2 smep bmi2 erms invpcid xsaveopt dtherm ida arat pln pts
bugs		:
bogomips	: 4789.22
clflush size	: 64
cache_alignment	: 64
address sizes	: 39 bits physical, 48 bits virtual
power management:

processor	: 1
vendor_id	: GenuineIntel
cpu family	: 6
model		: 60
model name	: Intel(R) Core(TM) i7-4700HQ CPU @ 2.40GHz
stepping	: 3
microcode	: 0x12
cpu MHz		: 2387.531
cache size	: 6144 KB
physical id	: 0
siblings	: 8
core id		: 1
cpu cores	: 4
apicid		: 2
initial apicid	: 2
fpu		: yes
fpu_exception	: yes
cpuid level	: 13
wp		: yes
flags		: fpu vme de pse tsc msr pae mce cx8 apic sep mtrr pge mca cmov pat pse36 clflush dts acpi mmx fxsr sse sse2 ss ht tm pbe syscall nx pdpe1gb rdtscp lm constant_tsc arch_perfmon pebs bts rep_good nopl xtopology nonstop_tsc aperfmperf eagerfpu pni pclmulqdq dtes64 monitor ds_cpl vmx est tm2 ssse3 sdbg fma cx16 xtpr pdcm pcid sse4_1 sse4_2 x2apic movbe popcnt tsc_deadline_timer aes xsave avx f16c rdrand lahf_lm abm epb tpr_shadow vnmi flexpriority ept vpid fsgsbase tsc_adjust bmi1 avx2 smep bmi2 erms invpcid xsaveopt dtherm ida arat pln pts
bugs		:
bogomips	: 4789.22
clflush size	: 64
cache_alignment	: 64
address sizes	: 39 bits physical, 48 bits virtual
power management:

processor	: 2
vendor_id	: GenuineIntel
cpu family	: 6
model		: 60
model name	: Intel(R) Core(TM) i7-4700HQ CPU @ 2.40GHz
stepping	: 3
microcode	: 0x12
cpu MHz		: 2390.531
cache size	: 6144 KB
physical id	: 0
siblings	: 8
core id		: 2
cpu cores	: 4
apicid		: 4
initial apicid	: 4
fpu		: yes
fpu_exception	: yes
cpuid level	: 13
wp		: yes
flags		: fpu vme de pse tsc msr pae mce cx8 apic sep mtrr pge mca cmov pat pse36 clflush dts acpi mmx fxsr sse sse2 ss ht tm pbe syscall nx pdpe1gb rdtscp lm constant_tsc arch_perfmon pebs bts rep_good nopl xtopology nonstop_tsc aperfmperf eagerfpu pni pclmulqdq dtes64 monitor ds_cpl vmx est tm2 ssse3 sdbg fma cx16 xtpr pdcm pcid sse4_1 sse4_2 x2apic movbe popcnt tsc_deadline_timer aes xsave avx f16c rdrand lahf_lm abm epb tpr_shadow vnmi flexpriority ept vpid fsgsbase tsc_adjust bmi1 avx2 smep bmi2 erms invpcid xsaveopt dtherm ida arat pln pts
bugs		:
bogomips	: 4789.22
clflush size	: 64
cache_alignment	: 64
address sizes	: 39 bits physical, 48 bits virtual
power management:

processor	: 3
vendor_id	: GenuineIntel
cpu family	: 6
model		: 60
model name	: Intel(R) Core(TM) i7-4700HQ CPU @ 2.40GHz
stepping	: 3
microcode	: 0x12
cpu MHz		: 2098.875
cache size	: 6144 KB
physical id	: 0
siblings	: 8
core id		: 3
cpu cores	: 4
apicid		: 6
initial apicid	: 6
fpu		: yes
fpu_exception	: yes
cpuid level	: 13
wp		: yes
flags		: fpu vme de pse tsc msr pae mce cx8 apic sep mtrr pge mca cmov pat pse36 clflush dts acpi mmx fxsr sse sse2 ss ht tm pbe syscall nx pdpe1gb rdtscp lm constant_tsc arch_perfmon pebs bts rep_good nopl xtopology nonstop_tsc aperfmperf eagerfpu pni pclmulqdq dtes64 monitor ds_cpl vmx est tm2 ssse3 sdbg fma cx16 xtpr pdcm pcid sse4_1 sse4_2 x2apic movbe popcnt tsc_deadline_timer aes xsave avx f16c rdrand lahf_lm abm epb tpr_shadow vnmi flexpriority ept vpid fsgsbase tsc_adjust bmi1 avx2 smep bmi2 erms invpcid xsaveopt dtherm ida arat pln pts
bugs		:
bogomips	: 4789.22
clflush size	: 64
cache_alignment	: 64
address sizes	: 39 bits physical, 48 bits virtual
power management:

processor	: 4
vendor_id	: GenuineIntel
cpu family	: 6
model		: 60
model name	: Intel(R) Core(TM) i7-4700HQ CPU @ 2.40GHz
stepping	: 3
microcode	: 0x12
cpu MHz		: 1686.187
cache size	: 6144 KB
physical id	: 0
siblings	: 8
core id		: 0
cpu cores	: 4
apicid		: 1
initial apicid	: 1
fpu		: yes
fpu_exception	: yes
cpuid level	: 13
wp		: yes
flags		: fpu vme de pse tsc msr pae mce cx8 apic sep mtrr pge mca cmov pat pse36 clflush dts acpi mmx fxsr sse sse2 ss ht tm pbe syscall nx pdpe1gb rdtscp lm constant_tsc arch_perfmon pebs bts rep_good nopl xtopology nonstop_tsc aperfmperf eagerfpu pni pclmulqdq dtes64 monitor ds_cpl vmx est tm2 ssse3 sdbg fma cx16 xtpr pdcm pcid sse4_1 sse4_2 x2apic movbe popcnt tsc_deadline_timer aes xsave avx f16c rdrand lahf_lm abm epb tpr_shadow vnmi flexpriority ept vpid fsgsbase tsc_adjust bmi1 avx2 smep bmi2 erms invpcid xsaveopt dtherm ida arat pln pts
bugs		:
bogomips	: 4789.22
clflush size	: 64
cache_alignment	: 64
address sizes	: 39 bits physical, 48 bits virtual
power management:

processor	: 5
vendor_id	: GenuineIntel
cpu family	: 6
model		: 60
model name	: Intel(R) Core(TM) i7-4700HQ CPU @ 2.40GHz
stepping	: 3
microcode	: 0x12
cpu MHz		: 1747.687
cache size	: 6144 KB
physical id	: 0
siblings	: 8
core id		: 1
cpu cores	: 4
apicid		: 3
initial apicid	: 3
fpu		: yes
fpu_exception	: yes
cpuid level	: 13
wp		: yes
flags		: fpu vme de pse tsc msr pae mce cx8 apic sep mtrr pge mca cmov pat pse36 clflush dts acpi mmx fxsr sse sse2 ss ht tm pbe syscall nx pdpe1gb rdtscp lm constant_tsc arch_perfmon pebs bts rep_good nopl xtopology nonstop_tsc aperfmperf eagerfpu pni pclmulqdq dtes64 monitor ds_cpl vmx est tm2 ssse3 sdbg fma cx16 xtpr pdcm pcid sse4_1 sse4_2 x2apic movbe popcnt tsc_deadline_timer aes xsave avx f16c rdrand lahf_lm abm epb tpr_shadow vnmi flexpriority ept vpid fsgsbase tsc_adjust bmi1 avx2 smep bmi2 erms invpcid xsaveopt dtherm ida arat pln pts
bugs		:
bogomips	: 4789.22
clflush size	: 64
cache_alignment	: 64
address sizes	: 39 bits physical, 48 bits virtual
power management:

processor	: 6
vendor_id	: GenuineIntel
cpu family	: 6
model		: 60
model name	: Intel(R) Core(TM) i7-4700HQ CPU @ 2.40GHz
stepping	: 3
microcode	: 0x12
cpu MHz		: 2400.468
cache size	: 6144 KB
physical id	: 0
siblings	: 8
core id		: 2
cpu cores	: 4
apicid		: 5
initial apicid	: 5
fpu		: yes
fpu_exception	: yes
cpuid level	: 13
wp		: yes
flags		: fpu vme de pse tsc msr pae mce cx8 apic sep mtrr pge mca cmov pat pse36 clflush dts acpi mmx fxsr sse sse2 ss ht tm pbe syscall nx pdpe1gb rdtscp lm constant_tsc arch_perfmon pebs bts rep_good nopl xtopology nonstop_tsc aperfmperf eagerfpu pni pclmulqdq dtes64 monitor ds_cpl vmx est tm2 ssse3 sdbg fma cx16 xtpr pdcm pcid sse4_1 sse4_2 x2apic movbe popcnt tsc_deadline_timer aes xsave avx f16c rdrand lahf_lm abm epb tpr_shadow vnmi flexpriority ept vpid fsgsbase tsc_adjust bmi1 avx2 smep bmi2 erms invpcid xsaveopt dtherm ida arat pln pts
bugs		:
bogomips	: 4789.22
clflush size	: 64
cache_alignment	: 64
address sizes	: 39 bits physical, 48 bits virtual
power management:

processor	: 7
vendor_id	: GenuineIntel
cpu family	: 6
model		: 60
model name	: Intel(R) Core(TM) i7-4700HQ CPU @ 2.40GHz
stepping	: 3
microcode	: 0x12
cpu MHz		: 1329.937
cache size	: 6144 KB
physical id	: 0
siblings	: 8
core id		: 3
cpu cores	: 4
apicid		: 7
initial apicid	: 7
fpu		: yes
fpu_exception	: yes
cpuid level	: 13
wp		: yes
flags		: fpu vme de pse tsc msr pae mce cx8 apic sep mtrr pge mca cmov pat pse36 clflush dts acpi mmx fxsr sse sse2 ss ht tm pbe syscall nx pdpe1gb rdtscp lm constant_tsc arch_perfmon pebs bts rep_good nopl xtopology nonstop_tsc aperfmperf eagerfpu pni pclmulqdq dtes64 monitor ds_cpl vmx est tm2 ssse3 sdbg fma cx16 xtpr pdcm pcid sse4_1 sse4_2 x2apic movbe popcnt tsc_deadline_timer aes xsave avx f16c rdrand lahf_lm abm epb tpr_shadow vnmi flexpriority ept vpid fsgsbase tsc_adjust bmi1 avx2 smep bmi2 erms invpcid xsaveopt dtherm ida arat pln pts
bugs		:
bogomips	: 4789.22
clflush size	: 64
cache_alignment	: 64
address sizes	: 39 bits physical, 48 bits virtual
power management:



Memory: 4k page, physical 8055476k(146100k free), swap 0k(0k free)

vm_info: OpenJDK 64-Bit Server VM (25.131-b11) for linux-amd64 JRE (1.8.0_131-8u131-b11-2ubuntu1.16.04.3-b11), built on Jul 28 2017 01:23:32 by "buildd" with gcc 5.4.0 20160609

time: Mon Aug 14 03:36:22 2017
elapsed time: 43 seconds (0d 0h 0m 43s)

